[debug] [2020-12-12T05:23:19.253Z] ----------------------------------------------------------------------
[debug] [2020-12-12T05:23:19.255Z] Command:       /usr/local/bin/node /Users/corymilsap/.npm-global/bin/firebase deploy --only functions
[debug] [2020-12-12T05:23:19.255Z] CLI Version:   8.16.1
[debug] [2020-12-12T05:23:19.255Z] Platform:      darwin
[debug] [2020-12-12T05:23:19.255Z] Node Version:  v14.15.0
[debug] [2020-12-12T05:23:19.256Z] Time:          Fri Dec 11 2020 23:23:19 GMT-0600 (Central Standard Time)
[debug] [2020-12-12T05:23:19.256Z] ----------------------------------------------------------------------
[debug] [2020-12-12T05:23:19.257Z] 
[debug] [2020-12-12T05:23:19.264Z] > command requires scopes: ["email","openid","https://www.googleapis.com/auth/cloudplatformprojects.readonly","https://www.googleapis.com/auth/firebase","https://www.googleapis.com/auth/cloud-platform"]
[debug] [2020-12-12T05:23:19.265Z] > authorizing via signed-in user
[debug] [2020-12-12T05:23:19.265Z] [iam] checking project gs-hackathon for permissions ["cloudfunctions.functions.create","cloudfunctions.functions.delete","cloudfunctions.functions.get","cloudfunctions.functions.list","cloudfunctions.functions.update","cloudfunctions.operations.get","firebase.projects.get"]
[debug] [2020-12-12T05:23:19.268Z] >>> HTTP REQUEST POST https://cloudresourcemanager.googleapis.com/v1/projects/gs-hackathon:testIamPermissions  
 {"permissions":["cloudfunctions.functions.create","cloudfunctions.functions.delete","cloudfunctions.functions.get","cloudfunctions.functions.list","cloudfunctions.functions.update","cloudfunctions.operations.get","firebase.projects.get"]}
[debug] [2020-12-12T05:23:19.496Z] <<< HTTP RESPONSE 200 {"content-type":"application/json; charset=UTF-8","vary":"X-Origin, Referer, Origin,Accept-Encoding","date":"Sat, 12 Dec 2020 05:23:32 GMT","server":"ESF","cache-control":"private","x-xss-protection":"0","x-frame-options":"SAMEORIGIN","x-content-type-options":"nosniff","server-timing":"gfet4t7; dur=150","alt-svc":"h3-29=\":443\"; ma=2592000,h3-T051=\":443\"; ma=2592000,h3-Q050=\":443\"; ma=2592000,h3-Q046=\":443\"; ma=2592000,h3-Q043=\":443\"; ma=2592000,quic=\":443\"; ma=2592000; v=\"46,43\"","accept-ranges":"none","transfer-encoding":"chunked"}
[debug] [2020-12-12T05:23:19.498Z] >>> HTTP REQUEST POST https://iam.googleapis.com/v1/projects/gs-hackathon/serviceAccounts/gs-hackathon@appspot.gserviceaccount.com:testIamPermissions  
 {"permissions":["iam.serviceAccounts.actAs"]}
[debug] [2020-12-12T05:23:19.622Z] <<< HTTP RESPONSE 200 {"content-type":"application/json; charset=UTF-8","vary":"X-Origin, Referer, Origin,Accept-Encoding","date":"Sat, 12 Dec 2020 05:23:32 GMT","server":"ESF","cache-control":"private","x-xss-protection":"0","x-frame-options":"SAMEORIGIN","x-content-type-options":"nosniff","alt-svc":"h3-29=\":443\"; ma=2592000,h3-T051=\":443\"; ma=2592000,h3-Q050=\":443\"; ma=2592000,h3-Q046=\":443\"; ma=2592000,h3-Q043=\":443\"; ma=2592000,quic=\":443\"; ma=2592000; v=\"46,43\"","accept-ranges":"none","transfer-encoding":"chunked"}
[info] 
[info] === Deploying to 'gs-hackathon'...
[info] 
[info] i  deploying functions 
[info] Running command: npm --prefix "$RESOURCE_DIR" run lint
[info] ✔  functions: Finished running predeploy script. 
[debug] [2020-12-12T05:23:25.015Z] > [functions] package.json contents: {
  "name": "functions",
  "description": "Cloud Functions for Firebase",
  "scripts": {
    "lint": "eslint .",
    "serve": "firebase emulators:start --only functions",
    "shell": "firebase functions:shell",
    "start": "npm run shell",
    "deploy": "firebase deploy --only functions",
    "logs": "firebase functions:log"
  },
  "engines": {
    "node": "12"
  },
  "main": "index.js",
  "dependencies": {
    "firebase-admin": "^9.2.0",
    "firebase-functions": "^3.11.0",
    "got": "^11.8.1",
    "simple-oauth2": "^4.2.0"
  },
  "devDependencies": {
    "eslint": "^5.12.0",
    "eslint-plugin-promise": "^4.0.1",
    "firebase-functions-test": "^0.2.0"
  },
  "private": true
}
[info] i  functions: ensuring required API cloudfunctions.googleapis.com is enabled... 
[info] i  functions: ensuring required API cloudbuild.googleapis.com is enabled... 
[debug] [2020-12-12T05:23:26.301Z] >>> HTTP REQUEST GET https://serviceusage.googleapis.com/v1/projects/gs-hackathon/services/cloudfunctions.googleapis.com  
 
[debug] [2020-12-12T05:23:26.302Z] >>> HTTP REQUEST GET https://serviceusage.googleapis.com/v1/projects/gs-hackathon/services/runtimeconfig.googleapis.com  
 
[debug] [2020-12-12T05:23:26.302Z] >>> HTTP REQUEST GET https://serviceusage.googleapis.com/v1/projects/gs-hackathon/services/cloudbuild.googleapis.com  
 
[debug] [2020-12-12T05:23:26.693Z] <<< HTTP RESPONSE 200 {"content-type":"application/json; charset=UTF-8","vary":"X-Origin, Referer, Origin,Accept-Encoding","date":"Sat, 12 Dec 2020 05:23:39 GMT","server":"ESF","cache-control":"private","x-xss-protection":"0","x-frame-options":"SAMEORIGIN","x-content-type-options":"nosniff","alt-svc":"h3-29=\":443\"; ma=2592000,h3-T051=\":443\"; ma=2592000,h3-Q050=\":443\"; ma=2592000,h3-Q046=\":443\"; ma=2592000,h3-Q043=\":443\"; ma=2592000,quic=\":443\"; ma=2592000; v=\"46,43\"","accept-ranges":"none","transfer-encoding":"chunked"}
[debug] [2020-12-12T05:23:26.730Z] <<< HTTP RESPONSE 200 {"content-type":"application/json; charset=UTF-8","vary":"X-Origin, Referer, Origin,Accept-Encoding","date":"Sat, 12 Dec 2020 05:23:39 GMT","server":"ESF","cache-control":"private","x-xss-protection":"0","x-frame-options":"SAMEORIGIN","x-content-type-options":"nosniff","alt-svc":"h3-29=\":443\"; ma=2592000,h3-T051=\":443\"; ma=2592000,h3-Q050=\":443\"; ma=2592000,h3-Q046=\":443\"; ma=2592000,h3-Q043=\":443\"; ma=2592000,quic=\":443\"; ma=2592000; v=\"46,43\"","accept-ranges":"none","transfer-encoding":"chunked"}
[info] ✔  functions: required API cloudbuild.googleapis.com is enabled 
[debug] [2020-12-12T05:23:26.749Z] <<< HTTP RESPONSE 200 {"content-type":"application/json; charset=UTF-8","vary":"X-Origin, Referer, Origin,Accept-Encoding","date":"Sat, 12 Dec 2020 05:23:39 GMT","server":"ESF","cache-control":"private","x-xss-protection":"0","x-frame-options":"SAMEORIGIN","x-content-type-options":"nosniff","alt-svc":"h3-29=\":443\"; ma=2592000,h3-T051=\":443\"; ma=2592000,h3-Q050=\":443\"; ma=2592000,h3-Q046=\":443\"; ma=2592000,h3-Q043=\":443\"; ma=2592000,quic=\":443\"; ma=2592000; v=\"46,43\"","accept-ranges":"none","transfer-encoding":"chunked"}
[info] ✔  functions: required API cloudfunctions.googleapis.com is enabled 
[debug] [2020-12-12T05:23:26.751Z] >>> HTTP REQUEST GET https://firebase.googleapis.com/v1beta1/projects/gs-hackathon/adminSdkConfig  
 
[debug] [2020-12-12T05:23:27.019Z] <<< HTTP RESPONSE 200 {"content-type":"application/json; charset=UTF-8","vary":"X-Origin, Referer, Origin,Accept-Encoding","date":"Sat, 12 Dec 2020 05:23:40 GMT","server":"ESF","cache-control":"private","x-xss-protection":"0","x-frame-options":"SAMEORIGIN","x-content-type-options":"nosniff","alt-svc":"h3-29=\":443\"; ma=2592000,h3-T051=\":443\"; ma=2592000,h3-Q050=\":443\"; ma=2592000,h3-Q046=\":443\"; ma=2592000,h3-Q043=\":443\"; ma=2592000,quic=\":443\"; ma=2592000; v=\"46,43\"","accept-ranges":"none","transfer-encoding":"chunked"}
[info] i  functions: preparing functions directory for uploading... 
[debug] [2020-12-12T05:23:27.020Z] >>> HTTP REQUEST GET https://runtimeconfig.googleapis.com/v1beta1/projects/gs-hackathon/configs  
 
[debug] [2020-12-12T05:23:27.536Z] <<< HTTP RESPONSE 200 {"content-type":"application/json; charset=UTF-8","vary":"X-Origin, Referer, Origin,Accept-Encoding","date":"Sat, 12 Dec 2020 05:23:40 GMT","server":"ESF","cache-control":"private","x-xss-protection":"0","x-frame-options":"SAMEORIGIN","x-content-type-options":"nosniff","alt-svc":"h3-29=\":443\"; ma=2592000,h3-T051=\":443\"; ma=2592000,h3-Q050=\":443\"; ma=2592000,h3-Q046=\":443\"; ma=2592000,h3-Q043=\":443\"; ma=2592000,quic=\":443\"; ma=2592000; v=\"46,43\"","accept-ranges":"none","transfer-encoding":"chunked"}
[info] i  functions: packaged functions (41.71 KB) for uploading 
[debug] [2020-12-12T05:23:27.871Z] >>> HTTP REQUEST GET https://cloudfunctions.googleapis.com/v1/projects/gs-hackathon/locations/-/functions  
 
[debug] [2020-12-12T05:23:28.452Z] <<< HTTP RESPONSE 200 {"content-type":"application/json; charset=UTF-8","vary":"X-Origin, Referer, Origin,Accept-Encoding","date":"Sat, 12 Dec 2020 05:23:41 GMT","server":"ESF","cache-control":"private","x-xss-protection":"0","x-frame-options":"SAMEORIGIN","x-content-type-options":"nosniff","alt-svc":"h3-29=\":443\"; ma=2592000,h3-T051=\":443\"; ma=2592000,h3-Q050=\":443\"; ma=2592000,h3-Q046=\":443\"; ma=2592000,h3-Q043=\":443\"; ma=2592000,quic=\":443\"; ma=2592000; v=\"46,43\"","accept-ranges":"none","transfer-encoding":"chunked"}
[debug] [2020-12-12T05:23:28.455Z] >>> HTTP REQUEST POST https://cloudfunctions.googleapis.com/v1/projects/gs-hackathon/locations/us-central1/functions:generateUploadUrl  
 
[debug] [2020-12-12T05:23:29.008Z] <<< HTTP RESPONSE 200 {"content-type":"application/json; charset=UTF-8","vary":"X-Origin, Referer, Origin,Accept-Encoding","date":"Sat, 12 Dec 2020 05:23:41 GMT","server":"ESF","cache-control":"private","x-xss-protection":"0","x-frame-options":"SAMEORIGIN","x-content-type-options":"nosniff","alt-svc":"h3-29=\":443\"; ma=2592000,h3-T051=\":443\"; ma=2592000,h3-Q050=\":443\"; ma=2592000,h3-Q046=\":443\"; ma=2592000,h3-Q043=\":443\"; ma=2592000,quic=\":443\"; ma=2592000; v=\"46,43\"","accept-ranges":"none","transfer-encoding":"chunked"}
[debug] [2020-12-12T05:23:29.009Z] >>> HTTP REQUEST PUT https://storage.googleapis.com/gcf-upload-us-central1-bdcd294f-eb89-41c1-a5bf-2e6eb00e8e63/8ee7bccd-f3a8-410a-9be6-0d73f3d12bf4.zip?GoogleAccessId=service-505118643224@gcf-admin-robot.iam.gserviceaccount.com&Expires=1607752421&Signature=QsME0po%2FV26SmalTASrQ0sd9QDcnMvbMxcDKQZN4le2fzkCdwR3CvrIxckBcxyUYdu6mOB23zphZV4Y4IwouAD9Vw87IELma5JUZ1jU8iJwmGpKSE80WAJ1BAfptOMVfus1gh6TgQEVn%2BvA9YymZRYXDbidJKN8iZ8rp1aAvbQzQzObUcvVnF2JMLMKulzY96PA%2FrsjNvevU%2B9nQxMfVCCodDG7OxlW%2Bb9Xo%2F%2B5r9u7Yuw69WstduMeIRfIy50%2BewX8FEZC88Hzvfa%2F4clENvnzBQa39n0981%2BtemNUNhv991XvYlzh%2FqNFZAs13cyqbaej9o8%2BGeiLqbddT9iHHMg%3D%3D  
 <request body omitted>
[debug] [2020-12-12T05:23:29.339Z] <<< HTTP RESPONSE 200 {"x-guploader-uploadid":"ABg5-UylkqkjBSCDXtTSl1bVWE6hSF6c71NwXMSTj_XOS6izPZgZyhOoHbW0rZ0-PHCyRMTralwkl6wsgrDs_kT5O0zC8cF-Bw","etag":"\"a96309fa242b309c36a46cfc32be15d1\"","x-goog-generation":"1607750622319179","x-goog-metageneration":"1","x-goog-hash":"crc32c=208tzw==, md5=qWMJ+iQrMJw2pGz8Mr4V0Q==","x-goog-stored-content-length":"42715","x-goog-stored-content-encoding":"identity","vary":"Origin","content-length":"0","date":"Sat, 12 Dec 2020 05:23:42 GMT","server":"UploadServer","content-type":"text/html; charset=UTF-8","alt-svc":"h3-29=\":443\"; ma=2592000,h3-T051=\":443\"; ma=2592000,h3-Q050=\":443\"; ma=2592000,h3-Q046=\":443\"; ma=2592000,h3-Q043=\":443\"; ma=2592000,quic=\":443\"; ma=2592000; v=\"46,43\""}
[info] ✔  functions: functions folder uploaded successfully 
[info] i  functions: updating Node.js 12 function getAPIData(us-central1)... 
[debug] [2020-12-12T05:23:29.342Z] Trigger is:  {"httpsTrigger":{}}
[debug] [2020-12-12T05:23:29.345Z] >>> HTTP REQUEST PATCH https://cloudfunctions.googleapis.com/v1/projects/gs-hackathon/locations/us-central1/functions/getAPIData {"updateMask":"sourceUploadUrl,name,labels,runtime,environmentVariables,httpsTrigger"} 
 {"sourceUploadUrl":"https://storage.googleapis.com/gcf-upload-us-central1-bdcd294f-eb89-41c1-a5bf-2e6eb00e8e63/8ee7bccd-f3a8-410a-9be6-0d73f3d12bf4.zip?GoogleAccessId=service-505118643224@gcf-admin-robot.iam.gserviceaccount.com&Expires=1607752421&Signature=QsME0po%2FV26SmalTASrQ0sd9QDcnMvbMxcDKQZN4le2fzkCdwR3CvrIxckBcxyUYdu6mOB23zphZV4Y4IwouAD9Vw87IELma5JUZ1jU8iJwmGpKSE80WAJ1BAfptOMVfus1gh6TgQEVn%2BvA9YymZRYXDbidJKN8iZ8rp1aAvbQzQzObUcvVnF2JMLMKulzY96PA%2FrsjNvevU%2B9nQxMfVCCodDG7OxlW%2Bb9Xo%2F%2B5r9u7Yuw69WstduMeIRfIy50%2BewX8FEZC88Hzvfa%2F4clENvnzBQa39n0981%2BtemNUNhv991XvYlzh%2FqNFZAs13cyqbaej9o8%2BGeiLqbddT9iHHMg%3D%3D","name":"projects/gs-hackathon/locations/us-central1/functions/getAPIData","labels":{"deployment-tool":"cli-firebase"},"httpsTrigger":{},"runtime":"nodejs12","environmentVariables":{"FIREBASE_CONFIG":"{\"projectId\":\"gs-hackathon\",\"storageBucket\":\"gs-hackathon.appspot.com\",\"locationId\":\"us-central\"}"}}
[debug] [2020-12-12T05:23:29.788Z] <<< HTTP RESPONSE 200 {"content-type":"application/json; charset=UTF-8","vary":"X-Origin, Referer, Origin,Accept-Encoding","date":"Sat, 12 Dec 2020 05:23:42 GMT","server":"ESF","cache-control":"private","x-xss-protection":"0","x-frame-options":"SAMEORIGIN","x-content-type-options":"nosniff","alt-svc":"h3-29=\":443\"; ma=2592000,h3-T051=\":443\"; ma=2592000,h3-Q050=\":443\"; ma=2592000,h3-Q046=\":443\"; ma=2592000,h3-Q043=\":443\"; ma=2592000,quic=\":443\"; ma=2592000; v=\"46,43\"","accept-ranges":"none","transfer-encoding":"chunked"}
[debug] [2020-12-12T05:23:29.790Z] >>> HTTP REQUEST GET https://cloudfunctions.googleapis.com/v1/projects/gs-hackathon/locations/-/functions  
 
[debug] [2020-12-12T05:23:37.312Z] <<< HTTP RESPONSE 200 {"content-type":"application/json; charset=UTF-8","vary":"X-Origin, Referer, Origin,Accept-Encoding","date":"Sat, 12 Dec 2020 05:23:44 GMT","server":"ESF","cache-control":"private","x-xss-protection":"0","x-frame-options":"SAMEORIGIN","x-content-type-options":"nosniff","alt-svc":"h3-29=\":443\"; ma=2592000,h3-T051=\":443\"; ma=2592000,h3-Q050=\":443\"; ma=2592000,h3-Q046=\":443\"; ma=2592000,h3-Q043=\":443\"; ma=2592000,quic=\":443\"; ma=2592000; v=\"46,43\"","accept-ranges":"none","transfer-encoding":"chunked"}
[debug] [2020-12-12T05:23:37.313Z] >>> HTTP REQUEST GET https://cloudfunctions.googleapis.com/v1/operations/Z3MtaGFja2F0aG9uL3VzLWNlbnRyYWwxL2dldEFQSURhdGEvWTJIS1Q4bDloYTA  
 
[debug] [2020-12-12T05:23:37.591Z] <<< HTTP RESPONSE 200 {"content-type":"application/json; charset=UTF-8","vary":"X-Origin, Referer, Origin,Accept-Encoding","date":"Sat, 12 Dec 2020 05:23:50 GMT","server":"ESF","cache-control":"private","x-xss-protection":"0","x-frame-options":"SAMEORIGIN","x-content-type-options":"nosniff","alt-svc":"h3-29=\":443\"; ma=2592000,h3-T051=\":443\"; ma=2592000,h3-Q050=\":443\"; ma=2592000,h3-Q046=\":443\"; ma=2592000,h3-Q043=\":443\"; ma=2592000,quic=\":443\"; ma=2592000; v=\"46,43\"","accept-ranges":"none","transfer-encoding":"chunked"}
[debug] [2020-12-12T05:23:39.594Z] >>> HTTP REQUEST GET https://cloudfunctions.googleapis.com/v1/operations/Z3MtaGFja2F0aG9uL3VzLWNlbnRyYWwxL2dldEFQSURhdGEvWTJIS1Q4bDloYTA  
 
[debug] [2020-12-12T05:23:39.852Z] <<< HTTP RESPONSE 200 {"content-type":"application/json; charset=UTF-8","vary":"X-Origin, Referer, Origin,Accept-Encoding","date":"Sat, 12 Dec 2020 05:23:52 GMT","server":"ESF","cache-control":"private","x-xss-protection":"0","x-frame-options":"SAMEORIGIN","x-content-type-options":"nosniff","alt-svc":"h3-29=\":443\"; ma=2592000,h3-T051=\":443\"; ma=2592000,h3-Q050=\":443\"; ma=2592000,h3-Q046=\":443\"; ma=2592000,h3-Q043=\":443\"; ma=2592000,quic=\":443\"; ma=2592000; v=\"46,43\"","accept-ranges":"none","transfer-encoding":"chunked"}
[debug] [2020-12-12T05:23:41.857Z] >>> HTTP REQUEST GET https://cloudfunctions.googleapis.com/v1/operations/Z3MtaGFja2F0aG9uL3VzLWNlbnRyYWwxL2dldEFQSURhdGEvWTJIS1Q4bDloYTA  
 
[debug] [2020-12-12T05:23:42.133Z] <<< HTTP RESPONSE 200 {"content-type":"application/json; charset=UTF-8","vary":"X-Origin, Referer, Origin,Accept-Encoding","date":"Sat, 12 Dec 2020 05:23:55 GMT","server":"ESF","cache-control":"private","x-xss-protection":"0","x-frame-options":"SAMEORIGIN","x-content-type-options":"nosniff","alt-svc":"h3-29=\":443\"; ma=2592000,h3-T051=\":443\"; ma=2592000,h3-Q050=\":443\"; ma=2592000,h3-Q046=\":443\"; ma=2592000,h3-Q043=\":443\"; ma=2592000,quic=\":443\"; ma=2592000; v=\"46,43\"","accept-ranges":"none","transfer-encoding":"chunked"}
[debug] [2020-12-12T05:23:44.137Z] >>> HTTP REQUEST GET https://cloudfunctions.googleapis.com/v1/operations/Z3MtaGFja2F0aG9uL3VzLWNlbnRyYWwxL2dldEFQSURhdGEvWTJIS1Q4bDloYTA  
 
[debug] [2020-12-12T05:23:44.405Z] <<< HTTP RESPONSE 200 {"content-type":"application/json; charset=UTF-8","vary":"X-Origin, Referer, Origin,Accept-Encoding","date":"Sat, 12 Dec 2020 05:23:57 GMT","server":"ESF","cache-control":"private","x-xss-protection":"0","x-frame-options":"SAMEORIGIN","x-content-type-options":"nosniff","alt-svc":"h3-29=\":443\"; ma=2592000,h3-T051=\":443\"; ma=2592000,h3-Q050=\":443\"; ma=2592000,h3-Q046=\":443\"; ma=2592000,h3-Q043=\":443\"; ma=2592000,quic=\":443\"; ma=2592000; v=\"46,43\"","accept-ranges":"none","transfer-encoding":"chunked"}
[debug] [2020-12-12T05:23:46.411Z] >>> HTTP REQUEST GET https://cloudfunctions.googleapis.com/v1/operations/Z3MtaGFja2F0aG9uL3VzLWNlbnRyYWwxL2dldEFQSURhdGEvWTJIS1Q4bDloYTA  
 
[debug] [2020-12-12T05:23:46.685Z] <<< HTTP RESPONSE 200 {"content-type":"application/json; charset=UTF-8","vary":"X-Origin, Referer, Origin,Accept-Encoding","date":"Sat, 12 Dec 2020 05:23:59 GMT","server":"ESF","cache-control":"private","x-xss-protection":"0","x-frame-options":"SAMEORIGIN","x-content-type-options":"nosniff","alt-svc":"h3-29=\":443\"; ma=2592000,h3-T051=\":443\"; ma=2592000,h3-Q050=\":443\"; ma=2592000,h3-Q046=\":443\"; ma=2592000,h3-Q043=\":443\"; ma=2592000,quic=\":443\"; ma=2592000; v=\"46,43\"","accept-ranges":"none","transfer-encoding":"chunked"}
